j:\github\newengine\3d_game_engine\3d_game_engine\debug\vc120.pdb
j:\github\newengine\3d_game_engine\3d_game_engine\debug\vc120.idb
j:\github\newengine\3d_game_engine\3d_game_engine\debug\camera3d.obj
j:\github\newengine\3d_game_engine\3d_game_engine\debug\inputmanager.obj
j:\github\newengine\3d_game_engine\3d_game_engine\debug\iomanager.obj
j:\github\newengine\3d_game_engine\3d_game_engine\debug\viewport.obj
j:\github\newengine\3d_game_engine\3d_game_engine\debug\jademath.obj
j:\github\newengine\3d_game_engine\3d_game_engine\debug\mat3.obj
j:\github\newengine\3d_game_engine\3d_game_engine\debug\mat4.obj
j:\github\newengine\3d_game_engine\3d_game_engine\debug\quat.obj
j:\github\newengine\3d_game_engine\3d_game_engine\debug\vec2.obj
j:\github\newengine\3d_game_engine\3d_game_engine\debug\vec3.obj
j:\github\newengine\3d_game_engine\3d_game_engine\debug\vec4.obj
j:\github\newengine\3d_game_engine\3d_game_engine\debug\main.obj
j:\github\newengine\3d_game_engine\3d_game_engine\debug\maingame.obj
j:\github\newengine\3d_game_engine\3d_game_engine\debug\assimpmodelloader.obj
j:\github\newengine\3d_game_engine\3d_game_engine\debug\lighting.obj
j:\github\newengine\3d_game_engine\3d_game_engine\debug\mesh.obj
j:\github\newengine\3d_game_engine\3d_game_engine\debug\shadermanager.obj
j:\github\newengine\3d_game_engine\3d_game_engine\debug\shadernova.obj
j:\github\newengine\3d_game_engine\3d_game_engine\debug\shape.obj
j:\github\newengine\3d_game_engine\3d_game_engine\debug\texture.obj
j:\github\newengine\3d_game_engine\3d_game_engine\debug\stb_image.obj
j:\github\newengine\3d_game_engine\debug\3d_game_engine.ilk
j:\github\newengine\3d_game_engine\debug\3d_game_engine.exe
j:\github\newengine\3d_game_engine\debug\3d_game_engine.pdb
j:\github\newengine\3d_game_engine\3d_game_engine\debug\3d_game_engine.tlog\cl.command.1.tlog
j:\github\newengine\3d_game_engine\3d_game_engine\debug\3d_game_engine.tlog\cl.read.1.tlog
j:\github\newengine\3d_game_engine\3d_game_engine\debug\3d_game_engine.tlog\cl.write.1.tlog
j:\github\newengine\3d_game_engine\3d_game_engine\debug\3d_game_engine.tlog\link.command.1.tlog
j:\github\newengine\3d_game_engine\3d_game_engine\debug\3d_game_engine.tlog\link.read.1.tlog
j:\github\newengine\3d_game_engine\3d_game_engine\debug\3d_game_engine.tlog\link.write.1.tlog
