Build started 3/26/2016 9:52:05 PM.
     1>Project "J:\GitHub\NewEngine\3D_Game_Engine\3D_Game_Engine\3D_Game_Engine.vcxproj" on node 2 (Build target(s)).
     1>ClCompile:
         C:\Program Files (x86)\Microsoft Visual Studio 12.0\VC\bin\CL.exe /c /ZI /nologo /W3 /WX- /sdl /Od /Oy- /D WIN32 /D _DEBUG /D _CONSOLE /D _LIB /D _UNICODE /D UNICODE /Gm /EHsc /RTC1 /MDd /GS /fp:precise /Zc:wchar_t /Zc:forScope /Fo"Debug\\" /Fd"Debug\vc120.pdb" /Gd /TP /analyze- /errorReport:prompt MainGame.cpp main.cpp
         MainGame.cpp
         Generating Code...
     1>j:\github\newengine\3d_game_engine\deps\include\jml\vec2.h(120): warning C4717: 'jml::`anonymous namespace'::operator/' : recursive on all control paths, function will cause runtime stack overflow
     1>j:\github\newengine\3d_game_engine\deps\include\jml\vec2.h(116): warning C4717: 'jml::`anonymous namespace'::operator*' : recursive on all control paths, function will cause runtime stack overflow
     1>j:\github\newengine\3d_game_engine\deps\include\jml\vec2.h(124): warning C4717: 'jml::`anonymous namespace'::operator-' : recursive on all control paths, function will cause runtime stack overflow
     1>j:\github\newengine\3d_game_engine\deps\include\jml\vec2.h(128): warning C4717: 'jml::`anonymous namespace'::operator+' : recursive on all control paths, function will cause runtime stack overflow
     1>j:\github\newengine\3d_game_engine\deps\include\jml\vec2.h(132): warning C4717: 'jml::`anonymous namespace'::operator*=' : recursive on all control paths, function will cause runtime stack overflow
     1>j:\github\newengine\3d_game_engine\deps\include\jml\vec2.h(136): warning C4717: 'jml::`anonymous namespace'::operator/=' : recursive on all control paths, function will cause runtime stack overflow
     1>j:\github\newengine\3d_game_engine\deps\include\jml\vec2.h(140): warning C4717: 'jml::`anonymous namespace'::operator-=' : recursive on all control paths, function will cause runtime stack overflow
     1>j:\github\newengine\3d_game_engine\deps\include\jml\vec2.h(144): warning C4717: 'jml::`anonymous namespace'::operator+=' : recursive on all control paths, function will cause runtime stack overflow
         Compiling...
         main.cpp
         Generating Code...
     1>j:\github\newengine\3d_game_engine\deps\include\jml\vec2.h(120): warning C4717: 'jml::`anonymous namespace'::operator/' : recursive on all control paths, function will cause runtime stack overflow
     1>j:\github\newengine\3d_game_engine\deps\include\jml\vec2.h(116): warning C4717: 'jml::`anonymous namespace'::operator*' : recursive on all control paths, function will cause runtime stack overflow
     1>j:\github\newengine\3d_game_engine\deps\include\jml\vec2.h(128): warning C4717: 'jml::`anonymous namespace'::operator+' : recursive on all control paths, function will cause runtime stack overflow
     1>j:\github\newengine\3d_game_engine\deps\include\jml\vec2.h(136): warning C4717: 'jml::`anonymous namespace'::operator/=' : recursive on all control paths, function will cause runtime stack overflow
     1>j:\github\newengine\3d_game_engine\deps\include\jml\vec2.h(132): warning C4717: 'jml::`anonymous namespace'::operator*=' : recursive on all control paths, function will cause runtime stack overflow
     1>j:\github\newengine\3d_game_engine\deps\include\jml\vec2.h(140): warning C4717: 'jml::`anonymous namespace'::operator-=' : recursive on all control paths, function will cause runtime stack overflow
     1>j:\github\newengine\3d_game_engine\deps\include\jml\vec2.h(144): warning C4717: 'jml::`anonymous namespace'::operator+=' : recursive on all control paths, function will cause runtime stack overflow
     1>j:\github\newengine\3d_game_engine\deps\include\jml\vec2.h(124): warning C4717: 'jml::`anonymous namespace'::operator-' : recursive on all control paths, function will cause runtime stack overflow
       Link:
         C:\Program Files (x86)\Microsoft Visual Studio 12.0\VC\bin\link.exe /ERRORREPORT:PROMPT /OUT:"J:\GitHub\NewEngine\3D_Game_Engine\Debug\3D_Game_Engine.exe" /INCREMENTAL /NOLOGO opengl32.lib glew32.lib SDL2.lib SDL2main.lib assimp.lib kernel32.lib user32.lib gdi32.lib winspool.lib comdlg32.lib advapi32.lib shell32.lib ole32.lib oleaut32.lib uuid.lib odbc32.lib odbccp32.lib /MANIFEST /MANIFESTUAC:"level='asInvoker' uiAccess='false'" /manifest:embed /DEBUG /PDB:"J:\GitHub\NewEngine\3D_Game_Engine\Debug\3D_Game_Engine.pdb" /SUBSYSTEM:CONSOLE /TLBID:1 /DYNAMICBASE /NXCOMPAT /IMPLIB:"J:\GitHub\NewEngine\3D_Game_Engine\Debug\3D_Game_Engine.lib" /MACHINE:X86 Debug\Camera3D.obj
         Debug\InputManager.obj
         Debug\IOManager.obj
         Debug\ViewPort.obj
         Debug\main.obj
         Debug\MainGame.obj
         Debug\AssImpModelLoader.obj
         Debug\Lighting.obj
         Debug\Mesh.obj
         Debug\ShaderManager.obj
         Debug\ShaderNova.obj
         Debug\Shape.obj
         Debug\stb_image.obj
         Debug\Texture.obj
         3D_Game_Engine.vcxproj -> J:\GitHub\NewEngine\3D_Game_Engine\Debug\3D_Game_Engine.exe
     1>Done Building Project "J:\GitHub\NewEngine\3D_Game_Engine\3D_Game_Engine\3D_Game_Engine.vcxproj" (Build target(s)).

Build succeeded.

Time Elapsed 00:00:01.78
