j:\github\newengine\3d_game_engine\3d_game_engine\release\vc120.pdb
j:\github\newengine\3d_game_engine\3d_game_engine\release\texture.obj
j:\github\newengine\3d_game_engine\3d_game_engine\release\shape.obj
j:\github\newengine\3d_game_engine\3d_game_engine\release\shadernova.obj
j:\github\newengine\3d_game_engine\3d_game_engine\release\shadermanager.obj
j:\github\newengine\3d_game_engine\3d_game_engine\release\mesh.obj
j:\github\newengine\3d_game_engine\3d_game_engine\release\lighting.obj
j:\github\newengine\3d_game_engine\3d_game_engine\release\assimpmodelloader.obj
j:\github\newengine\3d_game_engine\3d_game_engine\release\maingame.obj
j:\github\newengine\3d_game_engine\3d_game_engine\release\main.obj
j:\github\newengine\3d_game_engine\3d_game_engine\release\vec4.obj
j:\github\newengine\3d_game_engine\3d_game_engine\release\vec3.obj
j:\github\newengine\3d_game_engine\3d_game_engine\release\vec2.obj
j:\github\newengine\3d_game_engine\3d_game_engine\release\mat3.obj
j:\github\newengine\3d_game_engine\3d_game_engine\release\jademath.obj
j:\github\newengine\3d_game_engine\3d_game_engine\release\viewport.obj
j:\github\newengine\3d_game_engine\3d_game_engine\release\iomanager.obj
j:\github\newengine\3d_game_engine\3d_game_engine\release\inputmanager.obj
j:\github\newengine\3d_game_engine\3d_game_engine\release\camera3d.obj
j:\github\newengine\3d_game_engine\3d_game_engine\release\quat.obj
j:\github\newengine\3d_game_engine\3d_game_engine\release\mat4.obj
j:\github\newengine\3d_game_engine\3d_game_engine\release\stb_image.obj
j:\github\newengine\3d_game_engine\release\3d_game_engine.exe
j:\github\newengine\3d_game_engine\release\3d_game_engine.pdb
j:\github\newengine\3d_game_engine\3d_game_engine\release\3d_game_engine.tlog\cl.command.1.tlog
j:\github\newengine\3d_game_engine\3d_game_engine\release\3d_game_engine.tlog\cl.read.1.tlog
j:\github\newengine\3d_game_engine\3d_game_engine\release\3d_game_engine.tlog\cl.write.1.tlog
j:\github\newengine\3d_game_engine\3d_game_engine\release\3d_game_engine.tlog\link.command.1.tlog
j:\github\newengine\3d_game_engine\3d_game_engine\release\3d_game_engine.tlog\link.read.1.tlog
j:\github\newengine\3d_game_engine\3d_game_engine\release\3d_game_engine.tlog\link.write.1.tlog
